--- Copying files at Thu Oct 17 03:28:30 UTC 2024
INSTALLED plugins/credentials-binding.jpi : 681.vf91669a_32e45
INSTALLED plugins/workflow-aggregator.jpi : 600.vb_57cdd26fdd7
INSTALLED plugins/blueocean-pipeline-scm-api.jpi : 1.27.16
INSTALLED plugins/pipeline-multibranch-defaults.jpi : 2.1
INSTALLED plugins/bouncycastle-api.jpi : 2.30.1.78.1-248.ve27176eb_46cb_
INSTALLED plugins/workflow-multibranch.jpi : 795.ve0cb_1f45ca_9a_
INSTALLED plugins/blueocean-core-js.jpi : 1.27.16
INSTALLED plugins/joda-time-api.jpi : 2.13.0-93.v9934da_29b_a_e9
INSTALLED plugins/token-macro.jpi : 400.v35420b_922dcb_
INSTALLED plugins/scm-api.jpi : 696.v778d637b_a_762
INSTALLED plugins/workflow-scm-step.jpi : 427.v4ca_6512e7df1
INSTALLED plugins/workflow-basic-steps.jpi : 1058.vcb_fc1e3a_21a_9
INSTALLED plugins/jquery3-api.jpi : 3.7.1-2
INSTALLED plugins/display-url-api.jpi : 2.204.vf6fddd8a_8b_e9
INSTALLED plugins/mina-sshd-api-common.jpi : 2.14.0-133.vcc091215a_358
INSTALLED plugins/plugin-util-api.jpi : 5.1.0
INSTALLED plugins/json-path-api.jpi : 2.9.0-118.v7f23ed82a_8b_8
INSTALLED plugins/variant.jpi : 60.v7290fc0eb_b_cd
INSTALLED plugins/pipeline-model-definition.jpi : 2.2214.vb_b_34b_2ea_9b_83
INSTALLED plugins/workflow-support.jpi : 930.vf51d22b_ce488
INSTALLED plugins/branch-api.jpi : 2.1178.v969d9eb_c728e
INSTALLED plugins/workflow-api.jpi : 1336.vee415d95c521
INSTALLED plugins/pipeline-stage-tags-metadata.jpi : 2.2214.vb_b_34b_2ea_9b_83
INSTALLED plugins/blueocean-rest.jpi : 1.27.16
INSTALLED plugins/snakeyaml-api.jpi : 2.3-123.v13484c65210a_
INSTALLED plugins/gson-api.jpi : 2.11.0-85.v1f4e87273c33
INSTALLED plugins/apache-httpcomponents-client-4-api.jpi : 4.5.14-208.v438351942757
INSTALLED plugins/git.jpi : 5.5.2
INSTALLED plugins/blueocean-pipeline-api-impl.jpi : 1.27.16
INSTALLED plugins/pipeline-model-extensions.jpi : 2.2214.vb_b_34b_2ea_9b_83
INSTALLED plugins/github-branch-source.jpi : 1803.v98e3d8a_c8169
INSTALLED plugins/commons-lang3-api.jpi : 3.17.0-84.vb_b_938040b_078
INSTALLED plugins/pipeline-maven-api.jpi : 1457.vf7a_de13b_c0d4
INSTALLED plugins/github.jpi : 1.40.0
INSTALLED plugins/plain-credentials.jpi : 183.va_de8f1dd5a_2b_
INSTALLED plugins/okhttp-api.jpi : 4.11.0-172.vda_da_1feeb_c6e
INSTALLED plugins/pipeline-milestone-step.jpi : 119.vdfdc43fc3b_9a_
INSTALLED plugins/font-awesome-api.jpi : 6.6.0-2
INSTALLED plugins/ionicons-api.jpi : 74.v93d5eb_813d5f
INSTALLED plugins/mina-sshd-api-core.jpi : 2.14.0-133.vcc091215a_358
INSTALLED plugins/ssh-agent.jpi : 376.v8933585c69d3
INSTALLED plugins/workflow-step-api.jpi : 678.v3ee58b_469476
INSTALLED plugins/workflow-durable-task-step.jpi : 1371.vb_7cec8f3b_95e
INSTALLED plugins/pipeline-build-step.jpi : 540.vb_e8849e1a_b_d8
INSTALLED plugins/ssh-credentials.jpi : 343.v884f71d78167
INSTALLED plugins/workflow-job.jpi : 1436.vfa_244484591f
INSTALLED plugins/jenkins-design-language.jpi : 1.27.16
INSTALLED plugins/jakarta-mail-api.jpi : 2.1.3-1
INSTALLED plugins/script-security.jpi : 1365.v4778ca_84b_de5
INSTALLED plugins/structs.jpi : 338.v848422169819
INSTALLED plugins/deploy.jpi : 1.16
INSTALLED plugins/blueocean-jwt.jpi : 1.27.16
INSTALLED plugins/jakarta-activation-api.jpi : 2.1.3-1
INSTALLED plugins/matrix-project.jpi : 839.vff91cd7e3a_b_2
INSTALLED plugins/javax-activation-api.jpi : 1.2.0-7
INSTALLED plugins/pipeline-stage-step.jpi : 312.v8cd10304c27a_
INSTALLED plugins/htmlpublisher.jpi : 1.36
INSTALLED plugins/pipeline-model-api.jpi : 2.2214.vb_b_34b_2ea_9b_83
INSTALLED plugins/json-api.jpi : 20240303-101.v7a_8666713110
INSTALLED plugins/pipeline-maven.jpi : 1457.vf7a_de13b_c0d4
INSTALLED plugins/blueocean-rest-impl.jpi : 1.27.16
INSTALLED plugins/echarts-api.jpi : 5.5.1-3
INSTALLED plugins/blueocean-web.jpi : 1.27.16
INSTALLED plugins/git-client.jpi : 5.0.0
INSTALLED plugins/config-file-provider.jpi : 978.v8e85886ffdc4
INSTALLED plugins/copyartifact.jpi : 749.vfb_dca_a_9b_6549
INSTALLED plugins/favorite.jpi : 2.221.v19ca_666b_62f5
INSTALLED plugins/workflow-cps.jpi : 3975.v567e2a_1ffa_22
INSTALLED plugins/pipeline-graph-analysis.jpi : 216.vfd8b_ece330ca_
INSTALLED plugins/pipeline-npm.jpi : 320.vc9266a_b_fc60a_
INSTALLED plugins/bootstrap5-api.jpi : 5.3.3-1
INSTALLED plugins/github-api.jpi : 1.321-468.v6a_9f5f2d5a_7e
INSTALLED plugins/pubsub-light.jpi : 1.18
INSTALLED plugins/jjwt-api.jpi : 0.11.5-112.ve82dfb_224b_a_d
INSTALLED plugins/cloudbees-folder.jpi : 6.955.v81e2a_35c08d3
INSTALLED plugins/pipeline-input-step.jpi : 495.ve9c153f6067b_
INSTALLED plugins/jaxb.jpi : 2.3.9-1
INSTALLED plugins/authentication-tokens.jpi : 1.119.v50285141b_7e1
INSTALLED plugins/durable-task.jpi : 577.v2a_8a_4b_7c0247
INSTALLED plugins/commons-text-api.jpi : 1.12.0-129.v99a_50df237f7
INSTALLED plugins/docker-workflow.jpi : 580.vc0c340686b_54
INSTALLED plugins/checks-api.jpi : 2.2.1
INSTALLED plugins/jackson2-api.jpi : 2.17.0-379.v02de8ec9f64c
INSTALLED plugins/docker-commons.jpi : 443.v921729d5611d
INSTALLED plugins/instance-identity.jpi : 201.vd2a_b_5a_468a_a_6
INSTALLED plugins/mailer.jpi : 488.v0c9639c1a_eb_3
INSTALLED plugins/pipeline-groovy-lib.jpi : 740.va_2701257fe8d
INSTALLED plugins/caffeine-api.jpi : 3.1.8-133.v17b_1ff2e0599
INSTALLED plugins/blueocean-commons.jpi : 1.27.16
INSTALLED plugins/junit.jpi : 1304.vc85a_b_ca_96613
INSTALLED plugins/credentials.jpi : 1384.vf0a_2ed06f9c6
INSTALLED plugins/asm-api.jpi : 9.7.1-97.v4cc844130d97
INSTALLED plugins/blueocean-pipeline-editor.jpi : 1.27.16
INSTALLED plugins/blueocean-dashboard.jpi : 1.27.16
--- Copied files finished at Thu Oct 17 03:28:36 UTC 2024
